<?xml version="1.0" encoding="UTF-8"?>
<testng-results ignored="0" total="6" passed="6" failed="0" skipped="0">
  <reporter-output>
  </reporter-output>
  <suite started-at="2020-06-11T19:31:46 IST" name="Default suite" finished-at="2020-06-11T19:31:56 IST" duration-ms="9422">
    <groups>
    </groups>
    <test started-at="2020-06-11T19:31:46 IST" name="Default test" finished-at="2020-06-11T19:31:56 IST" duration-ms="9422">
      <class name="restapi_datadriven.DataProvider_TC002_POST_AddNewEmployee">
        <test-method signature="createNewEmployee(java.lang.String, java.lang.String, java.lang.String)[pri:0, instance:restapi_datadriven.DataProvider_TC002_POST_AddNewEmployee@47542153]" started-at="2020-06-11T19:31:47 IST" name="createNewEmployee" data-provider="empDataProvider_excel" finished-at="2020-06-11T19:31:50 IST" duration-ms="2882" status="PASS">
          <params>
            <param index="0">
              <value>
                <![CDATA[RAMESH]]>
              </value>
            </param>
            <param index="1">
              <value>
                <![CDATA[]]>
              </value>
            </param>
            <param index="2">
              <value>
                <![CDATA[]]>
              </value>
            </param>
          </params>
          <reporter-output>
          </reporter-output>
        </test-method> <!-- createNewEmployee -->
        <test-method signature="createNewEmployee(java.lang.String, java.lang.String, java.lang.String)[pri:0, instance:restapi_datadriven.DataProvider_TC002_POST_AddNewEmployee@47542153]" started-at="2020-06-11T19:31:50 IST" name="createNewEmployee" data-provider="empDataProvider_excel" finished-at="2020-06-11T19:31:51 IST" duration-ms="968" status="PASS">
          <params>
            <param index="0">
              <value>
                <![CDATA[SURESH]]>
              </value>
            </param>
            <param index="1">
              <value>
                <![CDATA[]]>
              </value>
            </param>
            <param index="2">
              <value>
                <![CDATA[]]>
              </value>
            </param>
          </params>
          <reporter-output>
          </reporter-output>
        </test-method> <!-- createNewEmployee -->
        <test-method signature="createNewEmployee(java.lang.String, java.lang.String, java.lang.String)[pri:0, instance:restapi_datadriven.DataProvider_TC002_POST_AddNewEmployee@47542153]" started-at="2020-06-11T19:31:51 IST" name="createNewEmployee" data-provider="empDataProvider_excel" finished-at="2020-06-11T19:31:52 IST" duration-ms="1125" status="PASS">
          <params>
            <param index="0">
              <value>
                <![CDATA[RAHESH]]>
              </value>
            </param>
            <param index="1">
              <value>
                <![CDATA[]]>
              </value>
            </param>
            <param index="2">
              <value>
                <![CDATA[]]>
              </value>
            </param>
          </params>
          <reporter-output>
          </reporter-output>
        </test-method> <!-- createNewEmployee -->
        <test-method signature="createNewEmployee(java.lang.String, java.lang.String, java.lang.String)[pri:0, instance:restapi_datadriven.DataProvider_TC002_POST_AddNewEmployee@47542153]" started-at="2020-06-11T19:31:52 IST" name="createNewEmployee" data-provider="empDataProvider_excel" finished-at="2020-06-11T19:31:53 IST" duration-ms="978" status="PASS">
          <params>
            <param index="0">
              <value>
                <![CDATA[KAILASH]]>
              </value>
            </param>
            <param index="1">
              <value>
                <![CDATA[]]>
              </value>
            </param>
            <param index="2">
              <value>
                <![CDATA[]]>
              </value>
            </param>
          </params>
          <reporter-output>
          </reporter-output>
        </test-method> <!-- createNewEmployee -->
        <test-method signature="createNewEmployee(java.lang.String, java.lang.String, java.lang.String)[pri:0, instance:restapi_datadriven.DataProvider_TC002_POST_AddNewEmployee@47542153]" started-at="2020-06-11T19:31:53 IST" name="createNewEmployee" data-provider="empDataProvider_excel" finished-at="2020-06-11T19:31:54 IST" duration-ms="1118" status="PASS">
          <params>
            <param index="0">
              <value>
                <![CDATA[SURESH-2]]>
              </value>
            </param>
            <param index="1">
              <value>
                <![CDATA[]]>
              </value>
            </param>
            <param index="2">
              <value>
                <![CDATA[]]>
              </value>
            </param>
          </params>
          <reporter-output>
          </reporter-output>
        </test-method> <!-- createNewEmployee -->
        <test-method signature="createNewEmployee(java.lang.String, java.lang.String, java.lang.String)[pri:0, instance:restapi_datadriven.DataProvider_TC002_POST_AddNewEmployee@47542153]" started-at="2020-06-11T19:31:54 IST" name="createNewEmployee" data-provider="empDataProvider_excel" finished-at="2020-06-11T19:31:56 IST" duration-ms="1250" status="PASS">
          <params>
            <param index="0">
              <value>
                <![CDATA[RAHESH-2]]>
              </value>
            </param>
            <param index="1">
              <value>
                <![CDATA[]]>
              </value>
            </param>
            <param index="2">
              <value>
                <![CDATA[]]>
              </value>
            </param>
          </params>
          <reporter-output>
          </reporter-output>
        </test-method> <!-- createNewEmployee -->
      </class> <!-- restapi_datadriven.DataProvider_TC002_POST_AddNewEmployee -->
    </test> <!-- Default test -->
  </suite> <!-- Default suite -->
</testng-results>
