<?xml version="1.0" encoding="UTF-8"?>
<!-- Generated by org.testng.reporters.JUnitXMLReporter -->
<testsuite ignored="0" hostname="SLB-F2NLRF2" failures="1" tests="5" name="testngTest" time="9.698" errors="0" timestamp="2020-06-09T20:11:10 IST">
  <testcase classname="testpackages.TC001_GET_request" name="getWeatherDetails" time="2.351"/>
  <testcase classname="testpackages.TC002_POST_request" name="registerSuccessful" time="0.852">
    <failure type="java.lang.AssertionError" message="expected [201] but found [200]">
      <![CDATA[java.lang.AssertionError: expected [201] but found [200]
at testpackages.TC002_POST_request.registerSuccessful(TC002_POST_request.java:49)
at java.base/java.util.ArrayList.forEach(ArrayList.java:1540)
... Removed 32 stack frames]]>
    </failure>
  </testcase> <!-- registerSuccessful -->
  <testcase classname="testpackages.TC003_GET_request" name="googleMapTest" time="1.177"/>
  <testcase classname="testpackages.TC004_GET_request_AllHeaders" name="getUsersHeaderDetails" time="3.992"/>
  <testcase classname="testpackages.TC005_GET_JsonReponse" name="getJsonResponseBody" time="1.273"/>
</testsuite> <!-- testngTest -->
