<?xml version="1.0" encoding="UTF-8"?>
<!-- Generated by org.testng.reporters.JUnitXMLReporter -->
<testsuite ignored="0" hostname="SLB-F2NLRF2" failures="0" tests="5" name="Test Case-1" time="10.67" errors="0" timestamp="2020-06-09T20:00:46 IST">
  <testcase classname="testpackages.TC001_GET_request" name="getWeatherDetails" time="2.622"/>
  <testcase classname="testpackages.TC002_POST_request" name="registerSuccessful" time="1.473"/>
  <testcase classname="testpackages.TC003_GET_request" name="googleMapTest" time="1.159"/>
  <testcase classname="testpackages.TC004_GET_request_AllHeaders" name="getUsersHeaderDetails" time="4.122"/>
  <testcase classname="testpackages.TC005_GET_JsonReponse" name="getJsonResponseBody" time="1.223"/>
</testsuite> <!-- Test Case-1 -->
