<?xml version="1.0" encoding="UTF-8"?>
<!-- Generated by org.testng.reporters.JUnitXMLReporter -->
<testsuite ignored="0" hostname="SLB-F2NLRF2" failures="0" tests="6" name="Default test" time="9.422" errors="0" timestamp="2020-06-11T19:31:56 IST">
  <testcase classname="restapi_datadriven.DataProvider_TC002_POST_AddNewEmployee" name="createNewEmployee" time="2.882"/>
  <testcase classname="restapi_datadriven.DataProvider_TC002_POST_AddNewEmployee" name="createNewEmployee" time="0.968"/>
  <testcase classname="restapi_datadriven.DataProvider_TC002_POST_AddNewEmployee" name="createNewEmployee" time="1.125"/>
  <testcase classname="restapi_datadriven.DataProvider_TC002_POST_AddNewEmployee" name="createNewEmployee" time="0.978"/>
  <testcase classname="restapi_datadriven.DataProvider_TC002_POST_AddNewEmployee" name="createNewEmployee" time="1.118"/>
  <testcase classname="restapi_datadriven.DataProvider_TC002_POST_AddNewEmployee" name="createNewEmployee" time="1.25"/>
</testsuite> <!-- Default test -->
